mode: atomic
github.com/go-pantheon/fabrica-util/data/db/mongo/mongo.go:20.79,21.40 1 0
github.com/go-pantheon/fabrica-util/data/db/mongo/mongo.go:21.40,23.3 1 0
github.com/go-pantheon/fabrica-util/data/db/mongo/mongo.go:25.2,33.16 3 0
github.com/go-pantheon/fabrica-util/data/db/mongo/mongo.go:33.16,35.3 1 0
github.com/go-pantheon/fabrica-util/data/db/mongo/mongo.go:37.2,37.19 1 0
github.com/go-pantheon/fabrica-util/data/db/mongo/mongo.go:37.19,38.61 1 0
github.com/go-pantheon/fabrica-util/data/db/mongo/mongo.go:38.61,40.4 1 0
github.com/go-pantheon/fabrica-util/data/db/mongo/mongo.go:43.2,46.57 3 0
github.com/go-pantheon/fabrica-util/data/db/mongo/mongo.go:46.57,48.3 1 0
github.com/go-pantheon/fabrica-util/data/db/mongo/mongo.go:50.2,52.25 2 0
github.com/go-pantheon/fabrica-util/data/db/mongo/mongo.go:62.95,64.2 1 0
github.com/go-pantheon/fabrica-util/data/db/mongo/mongo.go:67.113,68.16 1 0
github.com/go-pantheon/fabrica-util/data/db/mongo/mongo.go:68.16,70.3 1 0
github.com/go-pantheon/fabrica-util/data/db/mongo/mongo.go:72.2,77.31 2 0
github.com/go-pantheon/fabrica-util/data/db/mongo/mongo.go:77.31,79.3 1 0
github.com/go-pantheon/fabrica-util/data/db/mongo/mongo.go:81.2,81.27 1 0
github.com/go-pantheon/fabrica-util/data/db/mongo/mongo.go:85.97,87.16 2 0
github.com/go-pantheon/fabrica-util/data/db/mongo/mongo.go:87.16,89.3 1 0
github.com/go-pantheon/fabrica-util/data/db/mongo/mongo.go:91.2,91.43 1 0
github.com/go-pantheon/fabrica-util/data/db/mongo/mongo.go:91.43,93.3 1 0
github.com/go-pantheon/fabrica-util/data/db/mongo/mongo.go:95.2,98.17 1 0
github.com/go-pantheon/fabrica-util/data/db/mongo/mongo.go:98.17,100.3 1 0
github.com/go-pantheon/fabrica-util/data/db/mongo/mongo.go:102.2,104.12 2 0
github.com/go-pantheon/fabrica-util/data/db/postgresql/postgresql.go:24.43,30.2 4 0
github.com/go-pantheon/fabrica-util/data/db/postgresql/postgresql.go:33.29,41.2 1 0
github.com/go-pantheon/fabrica-util/data/db/postgresql/postgresql.go:44.84,45.22 1 0
github.com/go-pantheon/fabrica-util/data/db/postgresql/postgresql.go:45.22,47.3 1 0
github.com/go-pantheon/fabrica-util/data/db/postgresql/postgresql.go:49.2,49.25 1 0
github.com/go-pantheon/fabrica-util/data/db/postgresql/postgresql.go:49.25,51.3 1 0
github.com/go-pantheon/fabrica-util/data/db/postgresql/postgresql.go:53.2,53.22 1 0
github.com/go-pantheon/fabrica-util/data/db/postgresql/postgresql.go:53.22,55.3 1 0
github.com/go-pantheon/fabrica-util/data/db/postgresql/postgresql.go:57.2,58.16 2 0
github.com/go-pantheon/fabrica-util/data/db/postgresql/postgresql.go:58.16,60.3 1 0
github.com/go-pantheon/fabrica-util/data/db/postgresql/postgresql.go:63.2,72.43 7 0
github.com/go-pantheon/fabrica-util/data/db/postgresql/postgresql.go:72.43,73.46 1 0
github.com/go-pantheon/fabrica-util/data/db/postgresql/postgresql.go:73.46,75.4 1 0
github.com/go-pantheon/fabrica-util/data/db/postgresql/postgresql.go:77.3,77.63 1 0
github.com/go-pantheon/fabrica-util/data/db/postgresql/postgresql.go:80.2,80.19 1 0
github.com/go-pantheon/fabrica-util/data/db/postgresql/postgresql.go:80.19,81.36 1 0
github.com/go-pantheon/fabrica-util/data/db/postgresql/postgresql.go:81.36,83.4 1 0
github.com/go-pantheon/fabrica-util/data/db/postgresql/postgresql.go:86.2,86.25 1 0
github.com/go-pantheon/fabrica-util/data/db/postgresql/postgresql.go:90.76,96.16 5 0
github.com/go-pantheon/fabrica-util/data/db/postgresql/postgresql.go:96.16,98.3 1 0
github.com/go-pantheon/fabrica-util/data/db/postgresql/postgresql.go:100.2,100.25 1 0
github.com/go-pantheon/fabrica-util/data/db/postgresql/postgresql.go:104.57,105.15 1 0
github.com/go-pantheon/fabrica-util/data/db/postgresql/postgresql.go:105.15,107.3 1 0
github.com/go-pantheon/fabrica-util/data/db/postgresql/postgresql.go:109.2,112.44 3 0
github.com/go-pantheon/fabrica-util/data/db/postgresql/postgresql.go:112.44,114.3 1 0
github.com/go-pantheon/fabrica-util/data/db/postgresql/postgresql.go:116.2,116.12 1 0
github.com/go-pantheon/fabrica-util/data/db/postgresql/postgresql.go:120.49,121.15 1 0
github.com/go-pantheon/fabrica-util/data/db/postgresql/postgresql.go:121.15,123.3 1 0
github.com/go-pantheon/fabrica-util/data/db/postgresql/postgresql.go:125.2,125.19 1 0
github.com/go-pantheon/fabrica-util/errors/errors.go:12.32,14.2 1 0
github.com/go-pantheon/fabrica-util/errors/errors.go:18.47,20.2 1 0
github.com/go-pantheon/fabrica-util/errors/errors.go:24.44,26.2 1 0
github.com/go-pantheon/fabrica-util/errors/errors.go:30.57,32.2 1 0
github.com/go-pantheon/fabrica-util/errors/errors.go:36.51,38.2 1 0
github.com/go-pantheon/fabrica-util/errors/errors.go:42.64,44.2 1 0
github.com/go-pantheon/fabrica-util/errors/errors.go:48.32,50.2 1 0
github.com/go-pantheon/fabrica-util/errors/errors.go:55.41,58.29 2 0
github.com/go-pantheon/fabrica-util/errors/errors.go:58.29,59.15 1 0
github.com/go-pantheon/fabrica-util/errors/errors.go:59.15,60.12 1 0
github.com/go-pantheon/fabrica-util/errors/errors.go:63.3,63.24 1 0
github.com/go-pantheon/fabrica-util/errors/errors.go:63.24,64.12 1 0
github.com/go-pantheon/fabrica-util/errors/errors.go:67.3,67.28 1 0
github.com/go-pantheon/fabrica-util/errors/errors.go:70.2,70.12 1 0
github.com/go-pantheon/fabrica-util/errors/errors.go:75.33,77.2 1 0
github.com/go-pantheon/fabrica-util/errors/errors.go:82.37,84.2 1 0
github.com/go-pantheon/fabrica-util/errors/errors.go:88.30,90.2 1 0
github.com/go-pantheon/fabrica-util/data/redis/redis.go:14.93,17.19 2 0
github.com/go-pantheon/fabrica-util/data/redis/redis.go:17.19,18.55 1 0
github.com/go-pantheon/fabrica-util/data/redis/redis.go:18.55,20.4 1 0
github.com/go-pantheon/fabrica-util/data/redis/redis.go:20.9,22.4 1 0
github.com/go-pantheon/fabrica-util/data/redis/redis.go:25.2,28.43 3 0
github.com/go-pantheon/fabrica-util/data/redis/redis.go:28.43,31.3 2 0
github.com/go-pantheon/fabrica-util/data/redis/redis.go:33.2,33.8 1 0
github.com/go-pantheon/fabrica-util/data/redis/redis.go:38.97,41.19 2 0
github.com/go-pantheon/fabrica-util/data/redis/redis.go:41.19,42.62 1 0
github.com/go-pantheon/fabrica-util/data/redis/redis.go:42.62,44.4 1 0
github.com/go-pantheon/fabrica-util/data/redis/redis.go:44.9,46.4 1 0
github.com/go-pantheon/fabrica-util/data/redis/redis.go:49.2,52.43 3 0
github.com/go-pantheon/fabrica-util/data/redis/redis.go:52.43,55.3 2 0
github.com/go-pantheon/fabrica-util/data/redis/redis.go:57.2,57.8 1 0
github.com/go-pantheon/fabrica-util/xtime/examples/template_demo.go:69.13,85.33 5 0
github.com/go-pantheon/fabrica-util/xtime/examples/template_demo.go:85.33,91.17 4 0
github.com/go-pantheon/fabrica-util/xtime/examples/template_demo.go:91.17,93.12 2 0
github.com/go-pantheon/fabrica-util/xtime/examples/template_demo.go:97.3,103.16 6 0
github.com/go-pantheon/fabrica-util/xtime/examples/template_demo.go:106.2,109.16 3 0
github.com/go-pantheon/fabrica-util/xtime/examples/template_demo.go:109.16,112.3 2 0
github.com/go-pantheon/fabrica-util/xtime/examples/template_demo.go:114.2,115.16 2 0
github.com/go-pantheon/fabrica-util/xtime/examples/template_demo.go:115.16,118.3 2 0
github.com/go-pantheon/fabrica-util/xtime/examples/template_demo.go:120.2,135.31 3 0
github.com/go-pantheon/fabrica-util/xtime/examples/template_demo.go:135.31,138.3 2 0
github.com/go-pantheon/fabrica-util/bitmap/bitmap.go:17.36,18.14 1 20
github.com/go-pantheon/fabrica-util/bitmap/bitmap.go:18.14,19.44 1 1
github.com/go-pantheon/fabrica-util/bitmap/bitmap.go:22.2,25.3 1 19
github.com/go-pantheon/fabrica-util/bitmap/bitmap.go:29.35,34.2 4 16021
github.com/go-pantheon/fabrica-util/bitmap/bitmap.go:37.40,38.23 1 1
github.com/go-pantheon/fabrica-util/bitmap/bitmap.go:38.23,40.3 1 0
github.com/go-pantheon/fabrica-util/bitmap/bitmap.go:42.2,42.32 1 1
github.com/go-pantheon/fabrica-util/bitmap/bitmap.go:42.32,44.3 1 8
github.com/go-pantheon/fabrica-util/bitmap/bitmap.go:46.2,49.32 3 1
github.com/go-pantheon/fabrica-util/bitmap/bitmap.go:49.32,51.3 1 8
github.com/go-pantheon/fabrica-util/bitmap/bitmap.go:55.37,60.2 4 11002
github.com/go-pantheon/fabrica-util/bitmap/bitmap.go:63.42,69.2 4 21013
github.com/go-pantheon/fabrica-util/bitmap/bitmap.go:72.32,78.33 4 7
github.com/go-pantheon/fabrica-util/bitmap/bitmap.go:78.33,80.3 1 1381
github.com/go-pantheon/fabrica-util/bitmap/bitmap.go:82.2,82.14 1 7
github.com/go-pantheon/fabrica-util/bitmap/bitmap.go:86.31,88.2 1 5
github.com/go-pantheon/fabrica-util/bitmap/bitmap.go:91.45,92.34 1 48044
github.com/go-pantheon/fabrica-util/bitmap/bitmap.go:92.34,93.37 1 1
github.com/go-pantheon/fabrica-util/bloom/bloom.go:20.58,23.11 2 6
github.com/go-pantheon/fabrica-util/bloom/bloom.go:23.11,25.3 1 0
github.com/go-pantheon/fabrica-util/bloom/bloom.go:27.2,31.3 1 6
github.com/go-pantheon/fabrica-util/bloom/bloom.go:35.45,36.33 1 11
github.com/go-pantheon/fabrica-util/bloom/bloom.go:36.33,39.3 2 77
github.com/go-pantheon/fabrica-util/bloom/bloom.go:43.48,44.20 1 2
github.com/go-pantheon/fabrica-util/bloom/bloom.go:44.20,46.3 1 1
github.com/go-pantheon/fabrica-util/bloom/bloom.go:48.2,50.25 2 1
github.com/go-pantheon/fabrica-util/bloom/bloom.go:50.25,51.34 1 5
github.com/go-pantheon/fabrica-util/bloom/bloom.go:51.34,54.4 2 35
github.com/go-pantheon/fabrica-util/bloom/bloom.go:57.2,57.25 1 1
github.com/go-pantheon/fabrica-util/bloom/bloom.go:61.55,62.33 1 10019
github.com/go-pantheon/fabrica-util/bloom/bloom.go:62.33,64.26 2 10154
github.com/go-pantheon/fabrica-util/bloom/bloom.go:64.26,66.4 1 10003
github.com/go-pantheon/fabrica-util/bloom/bloom.go:69.2,69.13 1 16
github.com/go-pantheon/fabrica-util/bloom/bloom.go:73.60,78.2 3 6
github.com/go-pantheon/fabrica-util/bloom/bloom.go:81.60,82.36 1 6
github.com/go-pantheon/fabrica-util/bloom/bloom.go:82.36,96.59 3 6
github.com/go-pantheon/fabrica-util/bloom/bloom.go:96.59,98.36 2 42
github.com/go-pantheon/fabrica-util/bloom/bloom.go:98.36,107.5 7 10266
github.com/go-pantheon/fabrica-util/bloom/bloom.go:111.3,111.43 1 6
github.com/go-pantheon/fabrica-util/bloom/bloom.go:111.43,113.36 2 0
github.com/go-pantheon/fabrica-util/bloom/bloom.go:113.36,122.5 7 0
github.com/go-pantheon/fabrica-util/bloom/bloom.go:125.3,125.13 1 6
github.com/go-pantheon/fabrica-util/camelcase/camel.go:23.13,25.2 1 1
github.com/go-pantheon/fabrica-util/camelcase/camel.go:27.23,31.41 3 1
github.com/go-pantheon/fabrica-util/camelcase/camel.go:31.41,37.3 5 36
github.com/go-pantheon/fabrica-util/camelcase/camel.go:39.2,40.62 2 1
github.com/go-pantheon/fabrica-util/camelcase/camel.go:44.36,45.13 1 19
github.com/go-pantheon/fabrica-util/camelcase/camel.go:45.13,47.3 1 1
github.com/go-pantheon/fabrica-util/camelcase/camel.go:49.2,52.10 3 18
github.com/go-pantheon/fabrica-util/camelcase/camel.go:56.36,57.13 1 7
github.com/go-pantheon/fabrica-util/camelcase/camel.go:57.13,59.3 1 1
github.com/go-pantheon/fabrica-util/camelcase/camel.go:61.2,67.10 6 6
github.com/go-pantheon/fabrica-util/camelcase/camel.go:70.36,71.13 1 24
github.com/go-pantheon/fabrica-util/camelcase/camel.go:71.13,73.3 1 0
github.com/go-pantheon/fabrica-util/camelcase/camel.go:75.2,77.21 2 24
github.com/go-pantheon/fabrica-util/camelcase/camel.go:77.21,82.3 3 6
github.com/go-pantheon/fabrica-util/camelcase/camel.go:84.2,86.26 2 18
github.com/go-pantheon/fabrica-util/camelcase/camel.go:86.26,87.14 1 41
github.com/go-pantheon/fabrica-util/camelcase/camel.go:87.14,88.12 1 2
github.com/go-pantheon/fabrica-util/camelcase/camel.go:91.3,93.33 3 39
github.com/go-pantheon/fabrica-util/camelcase/camel.go:96.2,96.25 1 18
github.com/go-pantheon/fabrica-util/camelcase/camel.go:100.36,101.13 1 14
github.com/go-pantheon/fabrica-util/camelcase/camel.go:101.13,103.3 1 1
github.com/go-pantheon/fabrica-util/camelcase/camel.go:105.2,112.24 5 13
github.com/go-pantheon/fabrica-util/camelcase/camel.go:112.24,114.61 1 119
github.com/go-pantheon/fabrica-util/camelcase/camel.go:114.61,118.34 1 34
github.com/go-pantheon/fabrica-util/camelcase/camel.go:118.34,120.5 1 14
github.com/go-pantheon/fabrica-util/camelcase/camel.go:122.4,122.48 1 34
github.com/go-pantheon/fabrica-util/camelcase/camel.go:123.9,125.4 1 85
github.com/go-pantheon/fabrica-util/camelcase/camel.go:128.2,128.25 1 13
github.com/go-pantheon/fabrica-util/compress/compress.go:23.19,25.4 1 21
github.com/go-pantheon/fabrica-util/compress/compress.go:30.13,33.2 2 1
github.com/go-pantheon/fabrica-util/compress/compress.go:38.31,39.17 1 1
github.com/go-pantheon/fabrica-util/compress/compress.go:39.17,40.46 1 1
github.com/go-pantheon/fabrica-util/compress/compress.go:40.46,43.4 2 1
github.com/go-pantheon/fabrica-util/compress/compress.go:49.70,51.18 2 24
github.com/go-pantheon/fabrica-util/compress/compress.go:51.18,53.3 1 2
github.com/go-pantheon/fabrica-util/compress/compress.go:55.2,58.29 3 22
github.com/go-pantheon/fabrica-util/compress/compress.go:58.29,60.3 1 2
github.com/go-pantheon/fabrica-util/compress/compress.go:62.2,63.32 2 20
github.com/go-pantheon/fabrica-util/compress/compress.go:63.32,65.3 1 16
github.com/go-pantheon/fabrica-util/compress/compress.go:67.2,67.60 1 20
github.com/go-pantheon/fabrica-util/compress/compress.go:67.60,69.3 1 16
github.com/go-pantheon/fabrica-util/compress/compress.go:71.2,72.15 2 20
github.com/go-pantheon/fabrica-util/compress/compress.go:72.15,75.3 2 20
github.com/go-pantheon/fabrica-util/compress/compress.go:77.2,78.16 2 20
github.com/go-pantheon/fabrica-util/compress/compress.go:78.16,80.3 1 0
github.com/go-pantheon/fabrica-util/compress/compress.go:82.2,82.45 1 20
github.com/go-pantheon/fabrica-util/compress/compress.go:82.45,84.3 1 0
github.com/go-pantheon/fabrica-util/compress/compress.go:86.2,86.38 1 20
github.com/go-pantheon/fabrica-util/compress/compress.go:86.38,88.3 1 0
github.com/go-pantheon/fabrica-util/compress/compress.go:90.2,93.30 3 20
github.com/go-pantheon/fabrica-util/compress/compress.go:97.54,98.20 1 8
github.com/go-pantheon/fabrica-util/compress/compress.go:98.20,100.3 1 1
github.com/go-pantheon/fabrica-util/compress/compress.go:102.2,103.16 2 7
github.com/go-pantheon/fabrica-util/compress/compress.go:103.16,107.3 2 1
github.com/go-pantheon/fabrica-util/compress/compress.go:109.2,110.15 2 6
github.com/go-pantheon/fabrica-util/compress/compress.go:110.15,113.3 2 6
github.com/go-pantheon/fabrica-util/compress/compress.go:115.2,115.50 1 6
github.com/go-pantheon/fabrica-util/compress/compress.go:115.50,119.3 2 0
github.com/go-pantheon/fabrica-util/compress/compress.go:121.2,121.38 1 6
github.com/go-pantheon/fabrica-util/compress/compress.go:121.38,125.3 2 0
github.com/go-pantheon/fabrica-util/compress/compress.go:127.2,129.17 2 6
github.com/go-pantheon/fabrica-util/errors/errors.go:12.32,14.2 1 0
github.com/go-pantheon/fabrica-util/errors/errors.go:18.47,20.2 1 0
github.com/go-pantheon/fabrica-util/errors/errors.go:24.44,26.2 1 1
github.com/go-pantheon/fabrica-util/errors/errors.go:30.57,32.2 1 0
github.com/go-pantheon/fabrica-util/errors/errors.go:36.51,38.2 1 0
github.com/go-pantheon/fabrica-util/errors/errors.go:42.64,44.2 1 0
github.com/go-pantheon/fabrica-util/errors/errors.go:48.32,50.2 1 0
github.com/go-pantheon/fabrica-util/errors/errors.go:55.41,58.29 2 0
github.com/go-pantheon/fabrica-util/errors/errors.go:58.29,59.15 1 0
github.com/go-pantheon/fabrica-util/errors/errors.go:59.15,60.12 1 0
github.com/go-pantheon/fabrica-util/errors/errors.go:63.3,63.24 1 0
github.com/go-pantheon/fabrica-util/errors/errors.go:63.24,64.12 1 0
github.com/go-pantheon/fabrica-util/errors/errors.go:67.3,67.28 1 0
github.com/go-pantheon/fabrica-util/errors/errors.go:70.2,70.12 1 0
github.com/go-pantheon/fabrica-util/errors/errors.go:75.33,77.2 1 0
github.com/go-pantheon/fabrica-util/errors/errors.go:82.37,84.2 1 0
github.com/go-pantheon/fabrica-util/errors/errors.go:88.30,90.2 1 0
github.com/go-pantheon/fabrica-util/multipool/multipool.go:48.60,49.34 1 4
github.com/go-pantheon/fabrica-util/multipool/multipool.go:49.34,51.3 1 4
github.com/go-pantheon/fabrica-util/multipool/multipool.go:55.130,62.27 2 4
github.com/go-pantheon/fabrica-util/multipool/multipool.go:62.27,64.3 1 4
github.com/go-pantheon/fabrica-util/multipool/multipool.go:67.2,72.33 5 4
github.com/go-pantheon/fabrica-util/multipool/multipool.go:72.33,74.32 2 15
github.com/go-pantheon/fabrica-util/multipool/multipool.go:74.32,77.4 2 2611
github.com/go-pantheon/fabrica-util/multipool/multipool.go:80.2,80.11 1 4
github.com/go-pantheon/fabrica-util/multipool/multipool.go:85.51,89.44 3 10004
github.com/go-pantheon/fabrica-util/multipool/multipool.go:89.44,92.3 2 10004
github.com/go-pantheon/fabrica-util/multipool/multipool.go:94.2,96.21 2 0
github.com/go-pantheon/fabrica-util/multipool/multipool.go:100.46,101.16 1 10010
github.com/go-pantheon/fabrica-util/multipool/multipool.go:101.16,103.3 1 0
github.com/go-pantheon/fabrica-util/multipool/multipool.go:105.2,111.30 5 10010
github.com/go-pantheon/fabrica-util/multipool/multipool.go:115.54,116.42 1 20014
github.com/go-pantheon/fabrica-util/multipool/multipool.go:116.42,117.24 1 60000
github.com/go-pantheon/fabrica-util/multipool/multipool.go:117.24,119.4 1 20011
github.com/go-pantheon/fabrica-util/multipool/multipool.go:122.2,122.27 1 3
github.com/go-pantheon/fabrica-util/multipool/multipool.go:134.44,142.25 2 4
github.com/go-pantheon/fabrica-util/multipool/multipool.go:142.25,145.3 2 15
github.com/go-pantheon/fabrica-util/multipool/multipool.go:147.2,147.14 1 4
github.com/go-pantheon/fabrica-util/security/channel/channel.go:23.46,25.16 2 2
github.com/go-pantheon/fabrica-util/security/channel/channel.go:25.16,27.3 1 0
github.com/go-pantheon/fabrica-util/security/channel/channel.go:29.2,32.8 1 2
github.com/go-pantheon/fabrica-util/security/channel/channel.go:36.88,40.55 3 2
github.com/go-pantheon/fabrica-util/security/channel/channel.go:40.55,42.3 1 0
github.com/go-pantheon/fabrica-util/security/channel/channel.go:44.2,44.42 1 2
github.com/go-pantheon/fabrica-util/security/channel/channel.go:54.72,56.16 2 2
github.com/go-pantheon/fabrica-util/security/channel/channel.go:56.16,58.3 1 0
github.com/go-pantheon/fabrica-util/security/channel/channel.go:60.2,61.16 2 2
github.com/go-pantheon/fabrica-util/security/channel/channel.go:61.16,63.3 1 0
github.com/go-pantheon/fabrica-util/security/channel/channel.go:65.2,68.8 1 2
github.com/go-pantheon/fabrica-util/security/channel/channel.go:72.63,74.44 2 2
github.com/go-pantheon/fabrica-util/security/channel/channel.go:74.44,76.3 1 0
github.com/go-pantheon/fabrica-util/security/channel/channel.go:79.2,79.57 1 2
github.com/go-pantheon/fabrica-util/security/channel/channel.go:88.54,90.16 2 2
github.com/go-pantheon/fabrica-util/security/channel/channel.go:90.16,92.3 1 0
github.com/go-pantheon/fabrica-util/security/channel/channel.go:94.2,95.16 2 2
github.com/go-pantheon/fabrica-util/security/channel/channel.go:95.16,97.3 1 0
github.com/go-pantheon/fabrica-util/security/channel/channel.go:99.2,101.8 1 2
github.com/go-pantheon/fabrica-util/security/channel/channel.go:105.64,106.44 1 3
github.com/go-pantheon/fabrica-util/security/channel/channel.go:106.44,108.3 1 0
github.com/go-pantheon/fabrica-util/security/channel/channel.go:110.2,113.51 3 3
github.com/go-pantheon/fabrica-util/security/channel/channel.go:117.113,120.16 2 2
github.com/go-pantheon/fabrica-util/security/channel/channel.go:120.16,122.3 1 0
github.com/go-pantheon/fabrica-util/security/channel/channel.go:125.2,126.16 2 2
github.com/go-pantheon/fabrica-util/security/channel/channel.go:126.16,128.3 1 0
github.com/go-pantheon/fabrica-util/security/channel/channel.go:131.2,132.16 2 2
github.com/go-pantheon/fabrica-util/security/channel/channel.go:132.16,134.3 1 0
github.com/go-pantheon/fabrica-util/security/channel/channel.go:136.2,137.16 2 2
github.com/go-pantheon/fabrica-util/security/channel/channel.go:137.16,139.3 1 0
github.com/go-pantheon/fabrica-util/security/channel/channel.go:141.2,141.34 1 2
github.com/go-pantheon/fabrica-util/security/curve25519/curve.go:13.77,15.16 2 2
github.com/go-pantheon/fabrica-util/security/curve25519/curve.go:15.16,17.3 1 0
github.com/go-pantheon/fabrica-util/security/curve25519/curve.go:19.2,21.35 2 2
github.com/go-pantheon/fabrica-util/security/curve25519/curve.go:25.51,27.2 1 0
github.com/go-pantheon/fabrica-util/security/curve25519/curve.go:30.49,31.18 1 1
github.com/go-pantheon/fabrica-util/security/curve25519/curve.go:31.18,33.3 1 1
github.com/go-pantheon/fabrica-util/security/curve25519/curve.go:35.2,39.23 3 0
github.com/go-pantheon/fabrica-util/security/curve25519/curve.go:43.83,45.16 2 2
github.com/go-pantheon/fabrica-util/security/curve25519/curve.go:45.16,47.3 1 0
github.com/go-pantheon/fabrica-util/security/curve25519/curve.go:49.2,49.20 1 2
github.com/go-pantheon/fabrica-util/security/aes/aes.go:25.48,27.16 2 4
github.com/go-pantheon/fabrica-util/security/aes/aes.go:27.16,29.3 1 0
github.com/go-pantheon/fabrica-util/security/aes/aes.go:31.2,34.8 1 4
github.com/go-pantheon/fabrica-util/security/aes/aes.go:38.55,39.20 1 5
github.com/go-pantheon/fabrica-util/security/aes/aes.go:39.20,41.3 1 2
github.com/go-pantheon/fabrica-util/security/aes/aes.go:43.2,52.17 7 3
github.com/go-pantheon/fabrica-util/security/aes/aes.go:56.55,57.31 1 5
github.com/go-pantheon/fabrica-util/security/aes/aes.go:57.31,59.3 1 2
github.com/go-pantheon/fabrica-util/security/aes/aes.go:61.2,67.28 5 3
github.com/go-pantheon/fabrica-util/security/aes/aes.go:71.54,77.2 4 3
github.com/go-pantheon/fabrica-util/security/aes/aes.go:80.54,84.42 3 3
github.com/go-pantheon/fabrica-util/security/aes/aes.go:84.42,86.3 1 0
github.com/go-pantheon/fabrica-util/security/aes/aes.go:88.2,88.45 1 3
github.com/go-pantheon/fabrica-util/xid/id.go:24.13,30.50 5 1
github.com/go-pantheon/fabrica-util/xid/id.go:30.50,31.51 1 0
github.com/go-pantheon/fabrica-util/xid/id.go:36.52,38.2 1 8
github.com/go-pantheon/fabrica-util/xid/id.go:41.51,48.2 4 8
github.com/go-pantheon/fabrica-util/xid/id.go:52.41,53.12 1 12
github.com/go-pantheon/fabrica-util/xid/id.go:53.12,55.3 1 3
github.com/go-pantheon/fabrica-util/xid/id.go:57.2,58.16 2 9
github.com/go-pantheon/fabrica-util/xid/id.go:58.16,60.3 1 0
github.com/go-pantheon/fabrica-util/xid/id.go:62.2,62.17 1 9
github.com/go-pantheon/fabrica-util/xid/id.go:67.42,68.38 1 12
github.com/go-pantheon/fabrica-util/xid/id.go:68.38,70.3 1 3
github.com/go-pantheon/fabrica-util/xid/id.go:72.2,73.16 2 9
github.com/go-pantheon/fabrica-util/xid/id.go:73.16,75.3 1 0
github.com/go-pantheon/fabrica-util/xid/id.go:77.2,77.19 1 9
github.com/go-pantheon/fabrica-util/xid/id.go:77.19,79.3 1 0
github.com/go-pantheon/fabrica-util/xid/id.go:81.2,81.20 1 9
github.com/go-pantheon/fabrica-util/security/rsa/rsa.go:16.71,17.19 1 3
github.com/go-pantheon/fabrica-util/security/rsa/rsa.go:17.19,19.3 1 0
github.com/go-pantheon/fabrica-util/security/rsa/rsa.go:21.2,22.16 2 3
github.com/go-pantheon/fabrica-util/security/rsa/rsa.go:22.16,24.3 1 0
github.com/go-pantheon/fabrica-util/security/rsa/rsa.go:26.2,26.24 1 3
github.com/go-pantheon/fabrica-util/security/rsa/rsa.go:33.74,34.20 1 3
github.com/go-pantheon/fabrica-util/security/rsa/rsa.go:34.20,36.3 1 0
github.com/go-pantheon/fabrica-util/security/rsa/rsa.go:38.2,39.16 2 3
github.com/go-pantheon/fabrica-util/security/rsa/rsa.go:39.16,41.3 1 0
github.com/go-pantheon/fabrica-util/security/rsa/rsa.go:43.2,43.23 1 3
github.com/go-pantheon/fabrica-util/security/rsa/rsa.go:49.62,51.16 2 2
github.com/go-pantheon/fabrica-util/security/rsa/rsa.go:51.16,53.3 1 0
github.com/go-pantheon/fabrica-util/security/rsa/rsa.go:55.2,56.9 2 2
github.com/go-pantheon/fabrica-util/security/rsa/rsa.go:56.9,58.3 1 0
github.com/go-pantheon/fabrica-util/security/rsa/rsa.go:60.2,60.20 1 2
github.com/go-pantheon/fabrica-util/security/rsa/rsa.go:66.64,68.16 2 0
github.com/go-pantheon/fabrica-util/security/rsa/rsa.go:68.16,70.3 1 0
github.com/go-pantheon/fabrica-util/security/rsa/rsa.go:72.2,73.16 2 0
github.com/go-pantheon/fabrica-util/security/rsa/rsa.go:73.16,75.3 1 0
github.com/go-pantheon/fabrica-util/security/rsa/rsa.go:77.2,78.9 2 0
github.com/go-pantheon/fabrica-util/security/rsa/rsa.go:78.9,80.3 1 0
github.com/go-pantheon/fabrica-util/security/rsa/rsa.go:82.2,82.21 1 0
github.com/go-pantheon/fabrica-util/xrand/rand.go:14.18,20.17 4 19269
github.com/go-pantheon/fabrica-util/xrand/rand.go:20.17,24.4 2 0
github.com/go-pantheon/fabrica-util/xrand/rand.go:24.9,27.4 2 19269
github.com/go-pantheon/fabrica-util/xrand/rand.go:32.3,32.45 1 19269
github.com/go-pantheon/fabrica-util/xrand/rand.go:37.22,42.2 3 10304
github.com/go-pantheon/fabrica-util/xrand/rand.go:45.20,50.2 3 11000
github.com/go-pantheon/fabrica-util/xrand/rand.go:53.28,58.2 3 10306
github.com/go-pantheon/fabrica-util/xrand/rand.go:61.31,66.2 3 10307
github.com/go-pantheon/fabrica-util/xrand/rand.go:69.24,74.2 3 21000
github.com/go-pantheon/fabrica-util/xrand/string.go:16.53,17.17 1 5003
github.com/go-pantheon/fabrica-util/xrand/string.go:17.17,19.3 1 2
github.com/go-pantheon/fabrica-util/xrand/string.go:21.2,29.24 6 5001
github.com/go-pantheon/fabrica-util/xrand/string.go:29.24,32.3 2 1172576
github.com/go-pantheon/fabrica-util/xrand/string.go:34.2,34.26 1 5001
github.com/go-pantheon/fabrica-util/xrand/string.go:38.27,39.12 1 10003
github.com/go-pantheon/fabrica-util/xrand/string.go:39.12,41.3 1 1
github.com/go-pantheon/fabrica-util/xrand/string.go:43.2,48.13 4 10002
github.com/go-pantheon/fabrica-util/xrand/string.go:48.13,52.31 3 1
github.com/go-pantheon/fabrica-util/xrand/string.go:52.31,54.27 2 131072
github.com/go-pantheon/fabrica-util/xrand/string.go:54.27,56.5 1 1048576
github.com/go-pantheon/fabrica-util/xrand/string.go:59.3,59.20 1 1
github.com/go-pantheon/fabrica-util/xrand/string.go:59.20,61.35 2 0
github.com/go-pantheon/fabrica-util/xrand/string.go:61.35,63.5 1 0
github.com/go-pantheon/fabrica-util/xrand/string.go:65.8,66.24 1 10001
github.com/go-pantheon/fabrica-util/xrand/string.go:66.24,68.4 1 160016
github.com/go-pantheon/fabrica-util/xrand/string.go:71.2,71.14 1 10002
github.com/go-pantheon/fabrica-util/errors/errors.go:12.32,14.2 1 6
github.com/go-pantheon/fabrica-util/errors/errors.go:18.47,20.2 1 0
github.com/go-pantheon/fabrica-util/errors/errors.go:24.44,26.2 1 1
github.com/go-pantheon/fabrica-util/errors/errors.go:30.57,32.2 1 0
github.com/go-pantheon/fabrica-util/errors/errors.go:36.51,38.2 1 0
github.com/go-pantheon/fabrica-util/errors/errors.go:42.64,44.2 1 0
github.com/go-pantheon/fabrica-util/errors/errors.go:48.32,50.2 1 0
github.com/go-pantheon/fabrica-util/errors/errors.go:55.41,58.29 2 0
github.com/go-pantheon/fabrica-util/errors/errors.go:58.29,59.15 1 0
github.com/go-pantheon/fabrica-util/errors/errors.go:59.15,60.12 1 0
github.com/go-pantheon/fabrica-util/errors/errors.go:63.3,63.24 1 0
github.com/go-pantheon/fabrica-util/errors/errors.go:63.24,64.12 1 0
github.com/go-pantheon/fabrica-util/errors/errors.go:67.3,67.28 1 0
github.com/go-pantheon/fabrica-util/errors/errors.go:70.2,70.12 1 0
github.com/go-pantheon/fabrica-util/errors/errors.go:75.33,77.2 1 0
github.com/go-pantheon/fabrica-util/errors/errors.go:82.37,84.2 1 0
github.com/go-pantheon/fabrica-util/errors/errors.go:88.30,90.2 1 0
github.com/go-pantheon/fabrica-util/xsync/closure.go:76.49,84.2 1 8
github.com/go-pantheon/fabrica-util/xsync/closure.go:87.43,89.30 1 105
github.com/go-pantheon/fabrica-util/xsync/closure.go:89.30,91.3 1 100
github.com/go-pantheon/fabrica-util/xsync/closure.go:93.2,95.25 2 5
github.com/go-pantheon/fabrica-util/xsync/closure.go:95.25,98.3 2 1
github.com/go-pantheon/fabrica-util/xsync/closure.go:101.2,105.12 4 4
github.com/go-pantheon/fabrica-util/xsync/closure.go:105.12,108.3 2 4
github.com/go-pantheon/fabrica-util/xsync/closure.go:110.2,110.9 1 4
github.com/go-pantheon/fabrica-util/xsync/closure.go:111.14,112.13 1 3
github.com/go-pantheon/fabrica-util/xsync/closure.go:113.20,114.25 1 1
github.com/go-pantheon/fabrica-util/xsync/closure.go:119.34,120.26 1 104
github.com/go-pantheon/fabrica-util/xsync/closure.go:120.26,122.3 1 101
github.com/go-pantheon/fabrica-util/xsync/closure.go:124.2,128.26 3 3
github.com/go-pantheon/fabrica-util/xsync/closure.go:128.26,130.3 1 0
github.com/go-pantheon/fabrica-util/xsync/closure.go:132.2,132.55 1 3
github.com/go-pantheon/fabrica-util/xsync/closure.go:132.55,134.3 1 3
github.com/go-pantheon/fabrica-util/xsync/closure.go:138.52,140.2 1 3
github.com/go-pantheon/fabrica-util/xsync/closure.go:143.43,145.2 1 113
github.com/go-pantheon/fabrica-util/xsync/closure.go:148.36,150.2 1 5
github.com/go-pantheon/fabrica-util/xsync/closure.go:153.50,155.2 1 2
github.com/go-pantheon/fabrica-util/xsync/closure.go:158.32,160.2 1 3
github.com/go-pantheon/fabrica-util/xsync/closure.go:163.46,168.34 4 105
github.com/go-pantheon/fabrica-util/xsync/closure.go:168.34,170.3 1 100
github.com/go-pantheon/fabrica-util/xsync/closure.go:172.2,172.56 1 5
github.com/go-pantheon/fabrica-util/xsync/closure.go:172.56,175.3 2 5
github.com/go-pantheon/fabrica-util/xsync/closure.go:177.2,177.14 1 0
github.com/go-pantheon/fabrica-util/xsync/closure.go:181.40,182.55 1 5
github.com/go-pantheon/fabrica-util/xsync/closure.go:182.55,184.3 1 5
github.com/go-pantheon/fabrica-util/xsync/delayer.go:44.29,51.2 1 7
github.com/go-pantheon/fabrica-util/xsync/delayer.go:53.42,58.2 3 203
github.com/go-pantheon/fabrica-util/xsync/delayer.go:60.52,65.20 3 107
github.com/go-pantheon/fabrica-util/xsync/delayer.go:65.20,67.3 1 93
github.com/go-pantheon/fabrica-util/xsync/delayer.go:69.2,72.9 2 107
github.com/go-pantheon/fabrica-util/xsync/delayer.go:73.16,73.16 0 0
github.com/go-pantheon/fabrica-util/xsync/delayer.go:74.10,74.10 0 107
github.com/go-pantheon/fabrica-util/xsync/delayer.go:78.2,79.19 2 107
github.com/go-pantheon/fabrica-util/xsync/delayer.go:79.19,81.10 1 1
github.com/go-pantheon/fabrica-util/xsync/delayer.go:82.29,82.29 0 1
github.com/go-pantheon/fabrica-util/xsync/delayer.go:83.11,83.11 0 0
github.com/go-pantheon/fabrica-util/xsync/delayer.go:86.3,88.9 2 1
github.com/go-pantheon/fabrica-util/xsync/delayer.go:92.2,95.21 3 106
github.com/go-pantheon/fabrica-util/xsync/delayer.go:98.34,103.18 4 106
github.com/go-pantheon/fabrica-util/xsync/delayer.go:103.18,105.3 1 5
github.com/go-pantheon/fabrica-util/xsync/delayer.go:107.2,107.9 1 101
github.com/go-pantheon/fabrica-util/xsync/delayer.go:108.17,111.17 2 3
github.com/go-pantheon/fabrica-util/xsync/delayer.go:111.17,112.11 1 3
github.com/go-pantheon/fabrica-util/xsync/delayer.go:113.30,113.30 0 3
github.com/go-pantheon/fabrica-util/xsync/delayer.go:114.12,114.12 0 0
github.com/go-pantheon/fabrica-util/xsync/delayer.go:117.3,117.17 1 3
github.com/go-pantheon/fabrica-util/xsync/delayer.go:118.18,120.9 1 2
github.com/go-pantheon/fabrica-util/xsync/delayer.go:124.27,128.20 3 26
github.com/go-pantheon/fabrica-util/xsync/delayer.go:128.20,131.3 2 8
github.com/go-pantheon/fabrica-util/xsync/delayer.go:133.2,137.9 3 26
github.com/go-pantheon/fabrica-util/xsync/delayer.go:138.16,138.16 0 0
github.com/go-pantheon/fabrica-util/xsync/delayer.go:139.10,139.10 0 26
github.com/go-pantheon/fabrica-util/xsync/delayer.go:143.27,147.20 3 7
github.com/go-pantheon/fabrica-util/xsync/delayer.go:147.20,150.3 2 5
github.com/go-pantheon/fabrica-util/xsync/delayer.go:152.2,155.9 2 7
github.com/go-pantheon/fabrica-util/xsync/delayer.go:156.30,156.30 0 2
github.com/go-pantheon/fabrica-util/xsync/delayer.go:157.10,157.10 0 5
github.com/go-pantheon/fabrica-util/xsync/delayer.go:161.2,161.9 1 7
github.com/go-pantheon/fabrica-util/xsync/delayer.go:162.16,162.16 0 0
github.com/go-pantheon/fabrica-util/xsync/delayer.go:163.10,163.10 0 7
github.com/go-pantheon/fabrica-util/xsync/delayer.go:167.40,169.2 1 6
github.com/go-pantheon/fabrica-util/xsync/delayer.go:172.36,176.27 3 202
github.com/go-pantheon/fabrica-util/xsync/delayer.go:176.27,178.3 1 18
github.com/go-pantheon/fabrica-util/xsync/delayer.go:180.2,180.39 1 184
github.com/go-pantheon/fabrica-util/xsync/delayer.go:184.49,188.27 3 203
github.com/go-pantheon/fabrica-util/xsync/delayer.go:188.27,190.3 1 18
github.com/go-pantheon/fabrica-util/xsync/delayer.go:192.2,193.19 2 185
github.com/go-pantheon/fabrica-util/xsync/delayer.go:193.19,195.3 1 1
github.com/go-pantheon/fabrica-util/xsync/delayer.go:197.2,197.18 1 184
github.com/go-pantheon/fabrica-util/xsync/future.go:26.36,30.2 1 8
github.com/go-pantheon/fabrica-util/xsync/future.go:33.50,37.16 3 7
github.com/go-pantheon/fabrica-util/xsync/future.go:37.16,39.3 1 1
github.com/go-pantheon/fabrica-util/xsync/future.go:41.2,45.15 4 6
github.com/go-pantheon/fabrica-util/xsync/future.go:49.38,56.2 4 6
github.com/go-pantheon/fabrica-util/xsync/future.go:59.68,60.9 1 2
github.com/go-pantheon/fabrica-util/xsync/future.go:61.16,65.24 3 0
github.com/go-pantheon/fabrica-util/xsync/future.go:66.20,68.25 2 2
github.com/go-pantheon/fabrica-util/xsync/future.go:73.70,78.2 3 1
github.com/go-pantheon/fabrica-util/xsync/future.go:81.39,86.2 3 2
github.com/go-pantheon/fabrica-util/xsync/future.go:89.30,91.2 1 1
github.com/go-pantheon/fabrica-util/xsync/future.go:94.69,97.12 2 1
github.com/go-pantheon/fabrica-util/xsync/future.go:97.12,99.17 2 1
github.com/go-pantheon/fabrica-util/xsync/future.go:99.17,102.4 2 0
github.com/go-pantheon/fabrica-util/xsync/future.go:104.3,106.36 2 1
github.com/go-pantheon/fabrica-util/xsync/future.go:109.2,109.15 1 1
github.com/go-pantheon/fabrica-util/xsync/routines.go:22.75,23.33 1 3
github.com/go-pantheon/fabrica-util/xsync/routines.go:23.33,24.29 1 2
github.com/go-pantheon/fabrica-util/xsync/routines.go:24.29,25.14 1 0
github.com/go-pantheon/fabrica-util/xsync/routines.go:25.14,27.5 1 0
github.com/go-pantheon/fabrica-util/xsync/routines.go:30.3,30.15 1 2
github.com/go-pantheon/fabrica-util/xsync/routines.go:33.2,33.12 1 3
github.com/go-pantheon/fabrica-util/xsync/routines.go:33.12,34.16 1 3
github.com/go-pantheon/fabrica-util/xsync/routines.go:34.16,35.32 1 3
github.com/go-pantheon/fabrica-util/xsync/routines.go:35.32,40.5 1 0
github.com/go-pantheon/fabrica-util/xsync/routines.go:43.3,43.37 1 3
github.com/go-pantheon/fabrica-util/xsync/routines.go:43.37,44.20 1 2
github.com/go-pantheon/fabrica-util/xsync/routines.go:44.20,49.5 1 2
github.com/go-pantheon/fabrica-util/xsync/routines.go:56.43,57.15 1 7
github.com/go-pantheon/fabrica-util/xsync/routines.go:57.15,58.31 1 7
github.com/go-pantheon/fabrica-util/xsync/routines.go:58.31,60.4 1 2
github.com/go-pantheon/fabrica-util/xsync/routines.go:63.2,63.13 1 7
github.com/go-pantheon/fabrica-util/xsync/routines.go:69.25,75.45 5 1
github.com/go-pantheon/fabrica-util/xsync/routines.go:75.45,77.3 1 0
github.com/go-pantheon/fabrica-util/xsync/routines.go:79.2,82.15 3 1
github.com/go-pantheon/fabrica-util/xsync/routines.go:82.15,84.3 1 0
github.com/go-pantheon/fabrica-util/xsync/routines.go:86.2,88.32 2 1
github.com/go-pantheon/fabrica-util/xsync/routines.go:88.32,89.25 1 3
github.com/go-pantheon/fabrica-util/xsync/routines.go:89.25,91.4 1 0
github.com/go-pantheon/fabrica-util/xsync/routines.go:93.3,93.29 1 3
github.com/go-pantheon/fabrica-util/xsync/routines.go:96.2,96.11 1 1
github.com/go-pantheon/fabrica-util/xsync/routines.go:101.28,102.14 1 5
github.com/go-pantheon/fabrica-util/xsync/routines.go:102.14,104.3 1 0
github.com/go-pantheon/fabrica-util/xsync/routines.go:106.2,107.23 2 5
github.com/go-pantheon/fabrica-util/xsync/routines.go:108.13,109.52 1 1
github.com/go-pantheon/fabrica-util/xsync/routines.go:110.14,111.22 1 4
github.com/go-pantheon/fabrica-util/xsync/routines.go:112.10,113.31 1 0
github.com/go-pantheon/fabrica-util/xsync/routines.go:116.2,116.12 1 5
github.com/go-pantheon/fabrica-util/xsync/routines.go:121.51,125.2 1 1
github.com/go-pantheon/fabrica-util/errors/errors.go:12.32,14.2 1 0
github.com/go-pantheon/fabrica-util/errors/errors.go:18.47,20.2 1 0
github.com/go-pantheon/fabrica-util/errors/errors.go:24.44,26.2 1 0
github.com/go-pantheon/fabrica-util/errors/errors.go:30.57,32.2 1 2
github.com/go-pantheon/fabrica-util/errors/errors.go:36.51,38.2 1 0
github.com/go-pantheon/fabrica-util/errors/errors.go:42.64,44.2 1 0
github.com/go-pantheon/fabrica-util/errors/errors.go:48.32,50.2 1 0
github.com/go-pantheon/fabrica-util/errors/errors.go:55.41,58.29 2 0
github.com/go-pantheon/fabrica-util/errors/errors.go:58.29,59.15 1 0
github.com/go-pantheon/fabrica-util/errors/errors.go:59.15,60.12 1 0
github.com/go-pantheon/fabrica-util/errors/errors.go:63.3,63.24 1 0
github.com/go-pantheon/fabrica-util/errors/errors.go:63.24,64.12 1 0
github.com/go-pantheon/fabrica-util/errors/errors.go:67.3,67.28 1 0
github.com/go-pantheon/fabrica-util/errors/errors.go:70.2,70.12 1 0
github.com/go-pantheon/fabrica-util/errors/errors.go:75.33,77.2 1 0
github.com/go-pantheon/fabrica-util/errors/errors.go:82.37,84.2 1 0
github.com/go-pantheon/fabrica-util/errors/errors.go:88.30,90.2 1 0
github.com/go-pantheon/fabrica-util/xtime/format.go:12.33,14.2 1 4
github.com/go-pantheon/fabrica-util/xtime/format.go:17.57,20.2 2 0
github.com/go-pantheon/fabrica-util/xtime/format.go:23.55,26.2 2 4
github.com/go-pantheon/fabrica-util/xtime/format.go:29.61,32.2 2 4
github.com/go-pantheon/fabrica-util/xtime/format.go:35.45,38.2 2 12
github.com/go-pantheon/fabrica-util/xtime/format.go:41.41,47.2 3 2
github.com/go-pantheon/fabrica-util/xtime/format.go:50.41,54.44 3 5
github.com/go-pantheon/fabrica-util/xtime/format.go:54.44,56.3 1 5
github.com/go-pantheon/fabrica-util/xtime/format.go:58.2,59.66 1 0
github.com/go-pantheon/fabrica-util/xtime/format.go:63.37,67.44 3 5
github.com/go-pantheon/fabrica-util/xtime/format.go:67.44,69.3 1 5
github.com/go-pantheon/fabrica-util/xtime/format.go:71.2,71.66 1 0
github.com/go-pantheon/fabrica-util/xtime/format.go:75.37,79.44 3 3
github.com/go-pantheon/fabrica-util/xtime/format.go:79.44,81.3 1 3
github.com/go-pantheon/fabrica-util/xtime/format.go:83.2,83.72 1 0
github.com/go-pantheon/fabrica-util/xtime/format.go:88.79,91.38 2 19
github.com/go-pantheon/fabrica-util/xtime/format.go:91.38,93.3 1 18
github.com/go-pantheon/fabrica-util/xtime/format.go:95.2,95.41 1 19
github.com/go-pantheon/fabrica-util/xtime/format.go:99.67,101.11 2 21
github.com/go-pantheon/fabrica-util/xtime/format.go:101.11,102.47 1 2
github.com/go-pantheon/fabrica-util/xtime/format.go:102.47,104.4 1 2
github.com/go-pantheon/fabrica-util/xtime/format.go:105.8,106.42 1 19
github.com/go-pantheon/fabrica-util/xtime/format.go:106.42,108.4 1 19
github.com/go-pantheon/fabrica-util/xtime/format.go:111.2,111.23 1 0
github.com/go-pantheon/fabrica-util/xtime/format.go:115.73,117.11 2 21
github.com/go-pantheon/fabrica-util/xtime/format.go:117.11,118.46 1 2
github.com/go-pantheon/fabrica-util/xtime/format.go:118.46,120.4 1 2
github.com/go-pantheon/fabrica-util/xtime/format.go:121.8,122.41 1 19
github.com/go-pantheon/fabrica-util/xtime/format.go:122.41,124.4 1 19
github.com/go-pantheon/fabrica-util/xtime/format.go:127.2,127.25 1 0
github.com/go-pantheon/fabrica-util/xtime/format.go:131.70,132.20 1 19
github.com/go-pantheon/fabrica-util/xtime/format.go:132.20,134.3 1 2
github.com/go-pantheon/fabrica-util/xtime/format.go:136.2,147.15 9 17
github.com/go-pantheon/fabrica-util/xtime/format.go:151.57,152.12 1 12
github.com/go-pantheon/fabrica-util/xtime/format.go:152.12,154.3 1 1
github.com/go-pantheon/fabrica-util/xtime/format.go:156.2,157.13 2 11
github.com/go-pantheon/fabrica-util/xtime/format.go:157.13,159.3 1 2
github.com/go-pantheon/fabrica-util/xtime/format.go:161.2,163.9 2 11
github.com/go-pantheon/fabrica-util/xtime/format.go:164.31,166.41 2 0
github.com/go-pantheon/fabrica-util/xtime/format.go:167.30,169.43 2 0
github.com/go-pantheon/fabrica-util/xtime/format.go:170.29,172.41 2 0
github.com/go-pantheon/fabrica-util/xtime/format.go:173.27,175.39 2 2
github.com/go-pantheon/fabrica-util/xtime/format.go:176.24,178.41 2 5
github.com/go-pantheon/fabrica-util/xtime/format.go:179.26,181.45 2 2
github.com/go-pantheon/fabrica-util/xtime/format.go:182.10,184.45 2 2
github.com/go-pantheon/fabrica-util/xtime/format.go:187.2,187.11 1 11
github.com/go-pantheon/fabrica-util/xtime/format.go:187.11,189.3 1 2
github.com/go-pantheon/fabrica-util/xtime/format.go:191.2,191.39 1 9
github.com/go-pantheon/fabrica-util/xtime/locale.go:17.13,19.2 1 1
github.com/go-pantheon/fabrica-util/xtime/locale.go:116.58,117.48 1 24
github.com/go-pantheon/fabrica-util/xtime/locale.go:117.48,119.3 1 2
github.com/go-pantheon/fabrica-util/xtime/locale.go:121.2,123.17 2 22
github.com/go-pantheon/fabrica-util/xtime/locale.go:127.51,130.9 2 4
github.com/go-pantheon/fabrica-util/xtime/locale.go:130.9,132.3 1 0
github.com/go-pantheon/fabrica-util/xtime/locale.go:135.2,139.45 3 4
github.com/go-pantheon/fabrica-util/xtime/locale.go:139.45,141.3 1 4
github.com/go-pantheon/fabrica-util/xtime/locale.go:144.2,147.45 3 0
github.com/go-pantheon/fabrica-util/xtime/locale.go:147.45,149.3 1 0
github.com/go-pantheon/fabrica-util/xtime/locale.go:151.2,151.11 1 0
github.com/go-pantheon/fabrica-util/xtime/locale.go:155.26,184.2 3 1
github.com/go-pantheon/fabrica-util/xtime/locale.go:187.42,189.49 1 6
github.com/go-pantheon/fabrica-util/xtime/locale.go:189.49,192.3 2 0
github.com/go-pantheon/fabrica-util/xtime/locale.go:195.2,196.9 2 6
github.com/go-pantheon/fabrica-util/xtime/locale.go:196.9,198.3 1 2
github.com/go-pantheon/fabrica-util/xtime/locale.go:201.2,202.20 2 4
github.com/go-pantheon/fabrica-util/xtime/locale.go:202.20,204.3 1 0
github.com/go-pantheon/fabrica-util/xtime/locale.go:207.2,208.16 2 4
github.com/go-pantheon/fabrica-util/xtime/locale.go:208.16,210.3 1 0
github.com/go-pantheon/fabrica-util/xtime/locale.go:212.2,213.58 2 4
github.com/go-pantheon/fabrica-util/xtime/locale.go:213.58,215.3 1 0
github.com/go-pantheon/fabrica-util/xtime/locale.go:218.2,247.12 4 4
github.com/go-pantheon/fabrica-util/xtime/locale.go:253.33,255.14 2 59
github.com/go-pantheon/fabrica-util/xtime/locale.go:255.14,257.3 1 0
github.com/go-pantheon/fabrica-util/xtime/locale.go:259.2,259.20 1 59
github.com/go-pantheon/fabrica-util/xtime/locale.go:263.41,264.49 1 55
github.com/go-pantheon/fabrica-util/xtime/locale.go:264.49,267.3 2 49
github.com/go-pantheon/fabrica-util/xtime/locale.go:269.2,269.29 1 6
github.com/go-pantheon/fabrica-util/xtime/locale.go:273.41,275.28 2 1
github.com/go-pantheon/fabrica-util/xtime/locale.go:275.28,277.3 1 5
github.com/go-pantheon/fabrica-util/xtime/locale.go:279.2,279.18 1 1
github.com/go-pantheon/fabrica-util/xtime/locale.go:283.64,285.21 2 11
github.com/go-pantheon/fabrica-util/xtime/locale.go:285.21,288.3 1 0
github.com/go-pantheon/fabrica-util/xtime/locale.go:291.2,291.35 1 11
github.com/go-pantheon/fabrica-util/xtime/locale.go:291.35,293.3 1 4
github.com/go-pantheon/fabrica-util/xtime/locale.go:295.2,295.21 1 7
github.com/go-pantheon/fabrica-util/xtime/locale.go:295.21,297.3 1 7
github.com/go-pantheon/fabrica-util/xtime/locale.go:299.2,299.35 1 0
github.com/go-pantheon/fabrica-util/xtime/locale.go:302.66,303.44 1 18
github.com/go-pantheon/fabrica-util/xtime/locale.go:303.44,305.3 1 16
github.com/go-pantheon/fabrica-util/xtime/locale.go:307.2,307.18 1 2
github.com/go-pantheon/fabrica-util/xtime/time.go:23.29,24.24 1 15
github.com/go-pantheon/fabrica-util/xtime/time.go:24.24,26.3 1 10
github.com/go-pantheon/fabrica-util/xtime/time.go:28.2,28.24 1 15
github.com/go-pantheon/fabrica-util/xtime/time.go:28.24,30.3 1 1
github.com/go-pantheon/fabrica-util/xtime/time.go:33.2,34.16 2 15
github.com/go-pantheon/fabrica-util/xtime/time.go:34.16,36.3 1 1
github.com/go-pantheon/fabrica-util/xtime/time.go:38.2,41.9 3 14
github.com/go-pantheon/fabrica-util/xtime/time.go:41.9,43.3 1 0
github.com/go-pantheon/fabrica-util/xtime/time.go:46.2,46.40 1 14
github.com/go-pantheon/fabrica-util/xtime/time.go:46.40,51.3 2 0
github.com/go-pantheon/fabrica-util/xtime/time.go:53.2,53.12 1 14
github.com/go-pantheon/fabrica-util/xtime/time.go:57.40,59.2 1 9
github.com/go-pantheon/fabrica-util/xtime/time.go:63.38,64.20 1 2
github.com/go-pantheon/fabrica-util/xtime/time.go:64.20,66.3 1 1
github.com/go-pantheon/fabrica-util/xtime/time.go:68.2,68.38 1 1
github.com/go-pantheon/fabrica-util/xtime/time.go:72.64,74.2 1 3
github.com/go-pantheon/fabrica-util/xtime/time.go:77.65,79.2 1 2
github.com/go-pantheon/fabrica-util/xtime/time.go:82.66,84.2 1 31
github.com/go-pantheon/fabrica-util/xtime/time.go:87.40,90.2 2 9
github.com/go-pantheon/fabrica-util/xtime/time.go:93.41,95.18 2 5
github.com/go-pantheon/fabrica-util/xtime/time.go:95.18,97.3 1 2
github.com/go-pantheon/fabrica-util/xtime/time.go:99.2,101.53 2 5
github.com/go-pantheon/fabrica-util/xtime/time.go:105.42,108.2 2 46
github.com/go-pantheon/fabrica-util/xtime/time.go:111.60,113.16 2 2
github.com/go-pantheon/fabrica-util/xtime/time.go:113.16,115.3 1 1
github.com/go-pantheon/fabrica-util/xtime/time.go:117.2,117.23 1 1
github.com/go-pantheon/fabrica-util/xtime/time.go:121.35,123.14 2 4
github.com/go-pantheon/fabrica-util/xtime/time.go:123.14,125.3 1 0
github.com/go-pantheon/fabrica-util/xtime/time.go:127.2,127.27 1 4
github.com/go-pantheon/fabrica-util/consistenthash/int64_ketama.go:23.45,23.62 1 410
github.com/go-pantheon/fabrica-util/consistenthash/int64_ketama.go:24.45,24.77 1 5151388
github.com/go-pantheon/fabrica-util/consistenthash/int64_ketama.go:25.45,25.72 1 2243152
github.com/go-pantheon/fabrica-util/consistenthash/int64_ketama.go:36.52,37.23 1 7
github.com/go-pantheon/fabrica-util/consistenthash/int64_ketama.go:37.23,39.3 1 1
github.com/go-pantheon/fabrica-util/consistenthash/int64_ketama.go:41.2,44.20 1 7
github.com/go-pantheon/fabrica-util/consistenthash/int64_ketama.go:44.20,46.5 1 148
github.com/go-pantheon/fabrica-util/consistenthash/int64_ketama.go:53.62,62.32 6 410
github.com/go-pantheon/fabrica-util/consistenthash/int64_ketama.go:62.32,68.17 4 64850
github.com/go-pantheon/fabrica-util/consistenthash/int64_ketama.go:68.17,70.4 1 0
github.com/go-pantheon/fabrica-util/consistenthash/int64_ketama.go:72.3,78.5 2 64850
github.com/go-pantheon/fabrica-util/consistenthash/int64_ketama.go:81.2,84.12 3 410
github.com/go-pantheon/fabrica-util/consistenthash/int64_ketama.go:88.53,94.28 4 405
github.com/go-pantheon/fabrica-util/consistenthash/int64_ketama.go:94.28,95.29 1 380770
github.com/go-pantheon/fabrica-util/consistenthash/int64_ketama.go:95.29,97.4 1 317260
github.com/go-pantheon/fabrica-util/consistenthash/int64_ketama.go:100.2,100.20 1 405
github.com/go-pantheon/fabrica-util/consistenthash/int64_ketama.go:106.71,110.23 3 14004
github.com/go-pantheon/fabrica-util/consistenthash/int64_ketama.go:110.23,112.3 1 252
github.com/go-pantheon/fabrica-util/consistenthash/int64_ketama.go:114.2,115.14 2 13752
github.com/go-pantheon/fabrica-util/consistenthash/int64_ketama.go:115.14,117.3 1 13752
github.com/go-pantheon/fabrica-util/consistenthash/int64_ketama.go:117.8,119.3 1 0
github.com/go-pantheon/fabrica-util/consistenthash/int64_ketama.go:121.2,121.52 1 13752
github.com/go-pantheon/fabrica-util/consistenthash/int64_ketama.go:121.52,123.3 1 128630
github.com/go-pantheon/fabrica-util/consistenthash/int64_ketama.go:125.2,125.25 1 13752
github.com/go-pantheon/fabrica-util/consistenthash/int64_ketama.go:125.25,127.3 1 0
github.com/go-pantheon/fabrica-util/consistenthash/int64_ketama.go:129.2,129.36 1 13752
github.com/go-pantheon/fabrica-util/consistenthash/int64_ketama.go:133.39,134.33 1 64850
github.com/go-pantheon/fabrica-util/consistenthash/int64_ketama.go:134.33,136.3 1 32501
github.com/go-pantheon/fabrica-util/consistenthash/int64_ketama.go:138.2,138.19 1 32349
github.com/go-pantheon/fabrica-util/consistenthash/int64_ketama.go:141.35,146.2 3 7
github.com/go-pantheon/fabrica-util/consistenthash/string_ketama.go:27.40,27.57 1 116
github.com/go-pantheon/fabrica-util/consistenthash/string_ketama.go:28.40,28.72 1 12460798
github.com/go-pantheon/fabrica-util/consistenthash/string_ketama.go:29.40,29.67 1 6663973
github.com/go-pantheon/fabrica-util/consistenthash/string_ketama.go:41.42,42.23 1 9
github.com/go-pantheon/fabrica-util/consistenthash/string_ketama.go:42.23,44.3 1 1
github.com/go-pantheon/fabrica-util/consistenthash/string_ketama.go:46.2,49.28 1 9
github.com/go-pantheon/fabrica-util/consistenthash/string_ketama.go:49.28,51.5 1 500907
github.com/go-pantheon/fabrica-util/consistenthash/string_ketama.go:57.51,66.32 6 116
github.com/go-pantheon/fabrica-util/consistenthash/string_ketama.go:66.32,72.17 4 11066
github.com/go-pantheon/fabrica-util/consistenthash/string_ketama.go:72.17,74.4 1 0
github.com/go-pantheon/fabrica-util/consistenthash/string_ketama.go:76.3,83.5 2 11066
github.com/go-pantheon/fabrica-util/consistenthash/string_ketama.go:86.2,89.12 3 116
github.com/go-pantheon/fabrica-util/consistenthash/string_ketama.go:93.48,99.28 4 106
github.com/go-pantheon/fabrica-util/consistenthash/string_ketama.go:99.28,100.29 1 56160
github.com/go-pantheon/fabrica-util/consistenthash/string_ketama.go:100.29,102.4 1 55696
github.com/go-pantheon/fabrica-util/consistenthash/string_ketama.go:105.2,105.20 1 106
github.com/go-pantheon/fabrica-util/consistenthash/string_ketama.go:110.55,114.23 3 3004011
github.com/go-pantheon/fabrica-util/consistenthash/string_ketama.go:114.23,116.3 1 1000173
github.com/go-pantheon/fabrica-util/consistenthash/string_ketama.go:118.2,126.52 7 2003838
github.com/go-pantheon/fabrica-util/consistenthash/string_ketama.go:126.52,128.3 1 10134754
github.com/go-pantheon/fabrica-util/consistenthash/string_ketama.go:130.2,130.25 1 2003838
github.com/go-pantheon/fabrica-util/consistenthash/string_ketama.go:130.25,132.3 1 274390
github.com/go-pantheon/fabrica-util/consistenthash/string_ketama.go:134.2,134.36 1 2003838
github.com/go-pantheon/fabrica-util/consistenthash/string_ketama.go:137.30,142.2 3 2
github.com/go-pantheon/fabrica-util/errors/errors.go:12.32,14.2 1 0
github.com/go-pantheon/fabrica-util/errors/errors.go:18.47,20.2 1 0
github.com/go-pantheon/fabrica-util/errors/errors.go:24.44,26.2 1 0
github.com/go-pantheon/fabrica-util/errors/errors.go:30.57,32.2 1 0
github.com/go-pantheon/fabrica-util/errors/errors.go:36.51,38.2 1 0
github.com/go-pantheon/fabrica-util/errors/errors.go:42.64,44.2 1 0
github.com/go-pantheon/fabrica-util/errors/errors.go:48.32,50.2 1 0
github.com/go-pantheon/fabrica-util/errors/errors.go:55.41,58.29 2 0
github.com/go-pantheon/fabrica-util/errors/errors.go:58.29,59.15 1 0
github.com/go-pantheon/fabrica-util/errors/errors.go:59.15,60.12 1 0
github.com/go-pantheon/fabrica-util/errors/errors.go:63.3,63.24 1 0
github.com/go-pantheon/fabrica-util/errors/errors.go:63.24,64.12 1 0
github.com/go-pantheon/fabrica-util/errors/errors.go:67.3,67.28 1 0
github.com/go-pantheon/fabrica-util/errors/errors.go:70.2,70.12 1 0
github.com/go-pantheon/fabrica-util/errors/errors.go:75.33,77.2 1 0
github.com/go-pantheon/fabrica-util/errors/errors.go:82.37,84.2 1 0
github.com/go-pantheon/fabrica-util/errors/errors.go:88.30,90.2 1 0
